<?xml version="1.0" encoding="UTF-8"?>
<!-- Generated by org.testng.reporters.JUnitReportReporter -->
<testsuite hostname="RENT-MIS-LT3055" name="buying.BuyingTab" tests="3" failures="0" timestamp="24 Jul 2017 11:51:42 GMT" time="29.958" errors="0">
  <testcase name="OpenApp" time="24.726" classname="buying.BuyingTab"/>
  <testcase name="ClickSelling" time="0.706" classname="buying.BuyingTab"/>
  <testcase name="ClickBuying" time="4.526" classname="buying.BuyingTab"/>
</testsuite> <!-- buying.BuyingTab -->
