<?xml version="1.0" encoding="UTF-8"?>
<!-- Generated by org.testng.reporters.JUnitReportReporter -->
<testsuite hostname="RENT-MIS-LT3055" name="openPage.OpenPageDetails" tests="1" failures="0" timestamp="28 Jul 2017 08:04:53 GMT" time="3.610" errors="0">
  <testcase name="OpenPage" time="3.610" classname="openPage.OpenPageDetails"/>
</testsuite> <!-- openPage.OpenPageDetails -->
