<?xml version="1.0" encoding="UTF-8"?>
<!-- Generated by org.testng.reporters.JUnitReportReporter -->
<testsuite hostname="RENT-MIS-LT3055" name="buyMenu.BuyMenuChecking" tests="5" failures="0" timestamp="28 Jul 2017 08:04:53 GMT" time="29.916" errors="0">
  <testcase name="SearchPage" time="9.082" classname="buyMenu.BuyMenuChecking"/>
  <testcase name="OpenApp" time="0.000" classname="buyMenu.BuyMenuChecking"/>
  <testcase name="FrameMaxManagement" time="0.360" classname="buyMenu.BuyMenuChecking"/>
  <testcase name="MenuExpnd" time="0.235" classname="buyMenu.BuyMenuChecking"/>
  <testcase name="FrameMinManagement" time="20.239" classname="buyMenu.BuyMenuChecking"/>
</testsuite> <!-- buyMenu.BuyMenuChecking -->
