<?xml version="1.0" encoding="UTF-8"?>
<!-- Generated by org.testng.reporters.JUnitReportReporter -->
<testsuite hostname="RENT-MIS-LT3055" name="browsers.Browsers" tests="1" failures="0" timestamp="28 Jul 2017 08:04:53 GMT" time="20.667" errors="0">
  <testcase name="browserOpenig" time="20.667" classname="browsers.Browsers"/>
</testsuite> <!-- browsers.Browsers -->
