<?xml version="1.0" encoding="UTF-8"?>
<!-- Generated by org.testng.reporters.JUnitReportReporter -->
<testsuite hostname="RENT-MIS-LT3055" name="buyingselling.BuyingSellingTabs" tests="3" failures="0" timestamp="28 Jul 2017 08:04:53 GMT" time="0.701" errors="0">
  <testcase name="ClickBuying" time="0.387" classname="buyingselling.BuyingSellingTabs"/>
  <testcase name="ClickSelling" time="0.312" classname="buyingselling.BuyingSellingTabs"/>
  <testcase name="OpenApp" time="0.002" classname="buyingselling.BuyingSellingTabs"/>
</testsuite> <!-- buyingselling.BuyingSellingTabs -->
